<?xml version="1.0" encoding="UTF-8"?>
<!-- Generated by org.testng.reporters.JUnitReportReporter -->
<testsuite hostname="DESKTOP-QNTRHOB" failures="0" tests="4" name="testCases.TC03_LoginDDT" time="29.355" errors="0" timestamp="2024-12-27T18:48:13 IST" skipped="0">
  <testcase classname="testCases.TC03_LoginDDT" name="verify_loginDDT" time="11.917"/>
  <testcase classname="testCases.TC03_LoginDDT" name="verify_loginDDT" time="11.701"/>
  <testcase classname="testCases.TC03_LoginDDT" name="verify_loginDDT" time="2.689"/>
  <testcase classname="testCases.TC03_LoginDDT" name="verify_loginDDT" time="3.048"/>
</testsuite> <!-- testCases.TC03_LoginDDT -->
