<?xml version="1.0" encoding="UTF-8"?>
<!-- Generated by org.testng.reporters.JUnitReportReporter -->
<testsuite hostname="DESKTOP-QNTRHOB" failures="0" tests="1" name="testCases.TC01_AccountRegistrationTest" time="3.817" errors="0" timestamp="2024-12-30T15:08:21 IST" skipped="0">
  <testcase classname="testCases.TC01_AccountRegistrationTest" name="verify_acount_registartion" time="3.817"/>
</testsuite> <!-- testCases.TC01_AccountRegistrationTest -->
