<?xml version="1.0" encoding="UTF-8"?>
<!-- Generated by org.testng.reporters.JUnitReportReporter -->
<testsuite hostname="DESKTOP-QNTRHOB" failures="0" tests="1" name="testCases.TC002_LoginTest" time="3.282" errors="0" timestamp="2024-12-29T20:02:41 IST" skipped="0">
  <testcase classname="testCases.TC002_LoginTest" name="verify_Login" time="3.282"/>
</testsuite> <!-- testCases.TC002_LoginTest -->
